07:22:42.995 [main] INFO  testCase.TC_001_AccountRegistrationTest - ***  Starting TC_001_AccountRegistrationTest  ***
07:22:43.073 [main] INFO  testCase.TC_001_AccountRegistrationTest - Clicked on My account link
07:22:43.719 [main] INFO  testCase.TC_001_AccountRegistrationTest - Clicked on register link
07:22:43.720 [main] INFO  testCase.TC_001_AccountRegistrationTest - Providing customer data
07:22:45.078 [main] ERROR testCase.TC_001_AccountRegistrationTest - test failed
07:24:54.482 [main] DEBUG io.netty.util.internal.logging.InternalLoggerFactory - Using Log4J2 as the default logging framework
07:24:54.490 [main] DEBUG io.netty.util.ResourceLeakDetector - -Dio.netty.leakDetection.level: simple
07:24:54.491 [main] DEBUG io.netty.util.ResourceLeakDetector - -Dio.netty.leakDetection.targetRecords: 4
07:24:54.493 [main] DEBUG io.netty.util.ResourceLeakDetectorFactory - Loaded default ResourceLeakDetector: io.netty.util.ResourceLeakDetector@2257fadf
07:24:54.506 [main] DEBUG io.netty.util.internal.PlatformDependent0 - -Dio.netty.noUnsafe: false
07:24:54.506 [main] DEBUG io.netty.util.internal.PlatformDependent0 - Java version: 11
07:24:54.507 [main] DEBUG io.netty.util.internal.PlatformDependent0 - sun.misc.Unsafe.theUnsafe: available
07:24:54.507 [main] DEBUG io.netty.util.internal.PlatformDependent0 - sun.misc.Unsafe.copyMemory: available
07:24:54.507 [main] DEBUG io.netty.util.internal.PlatformDependent0 - sun.misc.Unsafe.storeFence: available
07:24:54.508 [main] DEBUG io.netty.util.internal.PlatformDependent0 - java.nio.Buffer.address: available
07:24:54.508 [main] DEBUG io.netty.util.internal.PlatformDependent0 - direct buffer constructor: unavailable: Reflective setAccessible(true) disabled
07:24:54.508 [main] DEBUG io.netty.util.internal.PlatformDependent0 - java.nio.Bits.unaligned: available, true
07:24:54.509 [main] DEBUG io.netty.util.internal.PlatformDependent0 - jdk.internal.misc.Unsafe.allocateUninitializedArray(int): unavailable: class io.netty.util.internal.PlatformDependent0$7 cannot access class jdk.internal.misc.Unsafe (in module java.base) because module java.base does not export jdk.internal.misc to unnamed module @692fd26
07:24:54.510 [main] DEBUG io.netty.util.internal.PlatformDependent0 - java.nio.DirectByteBuffer.<init>(long, int): unavailable
07:24:54.510 [main] DEBUG io.netty.util.internal.PlatformDependent - sun.misc.Unsafe: available
07:24:54.510 [main] DEBUG io.netty.util.internal.PlatformDependent - maxDirectMemory: 4223664128 bytes (maybe)
07:24:54.510 [main] DEBUG io.netty.util.internal.PlatformDependent - -Dio.netty.tmpdir: C:\Users\bablu\AppData\Local\Temp (java.io.tmpdir)
07:24:54.510 [main] DEBUG io.netty.util.internal.PlatformDependent - -Dio.netty.bitMode: 64 (sun.arch.data.model)
07:24:54.510 [main] DEBUG io.netty.util.internal.PlatformDependent - Platform: Windows
07:24:54.511 [main] DEBUG io.netty.util.internal.PlatformDependent - -Dio.netty.maxDirectMemory: -1 bytes
07:24:54.511 [main] DEBUG io.netty.util.internal.PlatformDependent - -Dio.netty.uninitializedArrayAllocationThreshold: -1
07:24:54.512 [main] DEBUG io.netty.util.internal.CleanerJava9 - java.nio.ByteBuffer.cleaner(): available
07:24:54.512 [main] DEBUG io.netty.util.internal.PlatformDependent - -Dio.netty.noPreferDirect: false
07:24:54.516 [main] DEBUG io.netty.util.internal.PlatformDependent - org.jctools-core.MpscChunkedArrayQueue: available
07:24:54.528 [main] DEBUG io.netty.util.internal.InternalThreadLocalMap - -Dio.netty.threadLocalMap.stringBuilder.initialSize: 1024
07:24:54.528 [main] DEBUG io.netty.util.internal.InternalThreadLocalMap - -Dio.netty.threadLocalMap.stringBuilder.maxSize: 4096
07:24:54.544 [main] DEBUG io.netty.handler.ssl.JdkSslContext - Default protocols (JDK): [TLSv1.3, TLSv1.2] 
07:24:54.544 [main] DEBUG io.netty.handler.ssl.JdkSslContext - Default cipher suites (JDK): [TLS_ECDHE_ECDSA_WITH_AES_256_GCM_SHA384, TLS_ECDHE_ECDSA_WITH_AES_128_GCM_SHA256, TLS_ECDHE_RSA_WITH_AES_128_GCM_SHA256, TLS_ECDHE_RSA_WITH_AES_256_GCM_SHA384, TLS_ECDHE_RSA_WITH_AES_128_CBC_SHA, TLS_ECDHE_RSA_WITH_AES_256_CBC_SHA, TLS_RSA_WITH_AES_128_GCM_SHA256, TLS_RSA_WITH_AES_128_CBC_SHA, TLS_RSA_WITH_AES_256_CBC_SHA, TLS_AES_128_GCM_SHA256, TLS_AES_256_GCM_SHA384]
07:24:54.561 [main] DEBUG io.netty.channel.MultithreadEventLoopGroup - -Dio.netty.eventLoopThreads: 16
07:24:54.568 [main] DEBUG io.netty.channel.nio.NioEventLoop - -Dio.netty.noKeySetOptimization: false
07:24:54.568 [main] DEBUG io.netty.channel.nio.NioEventLoop - -Dio.netty.selectorAutoRebuildThreshold: 512
07:24:54.595 [main] DEBUG io.netty.buffer.PooledByteBufAllocator - -Dio.netty.allocator.numHeapArenas: 16
07:24:54.595 [main] DEBUG io.netty.buffer.PooledByteBufAllocator - -Dio.netty.allocator.numDirectArenas: 16
07:24:54.595 [main] DEBUG io.netty.buffer.PooledByteBufAllocator - -Dio.netty.allocator.pageSize: 8192
07:24:54.595 [main] DEBUG io.netty.buffer.PooledByteBufAllocator - -Dio.netty.allocator.maxOrder: 9
07:24:54.595 [main] DEBUG io.netty.buffer.PooledByteBufAllocator - -Dio.netty.allocator.chunkSize: 4194304
07:24:54.595 [main] DEBUG io.netty.buffer.PooledByteBufAllocator - -Dio.netty.allocator.smallCacheSize: 256
07:24:54.595 [main] DEBUG io.netty.buffer.PooledByteBufAllocator - -Dio.netty.allocator.normalCacheSize: 64
07:24:54.595 [main] DEBUG io.netty.buffer.PooledByteBufAllocator - -Dio.netty.allocator.maxCachedBufferCapacity: 32768
07:24:54.595 [main] DEBUG io.netty.buffer.PooledByteBufAllocator - -Dio.netty.allocator.cacheTrimInterval: 8192
07:24:54.595 [main] DEBUG io.netty.buffer.PooledByteBufAllocator - -Dio.netty.allocator.cacheTrimIntervalMillis: 0
07:24:54.595 [main] DEBUG io.netty.buffer.PooledByteBufAllocator - -Dio.netty.allocator.useCacheForAllThreads: false
07:24:54.595 [main] DEBUG io.netty.buffer.PooledByteBufAllocator - -Dio.netty.allocator.maxCachedByteBuffersPerChunk: 1023
07:24:54.603 [main] DEBUG io.netty.buffer.ByteBufUtil - -Dio.netty.allocator.type: pooled
07:24:54.603 [main] DEBUG io.netty.buffer.ByteBufUtil - -Dio.netty.threadLocalDirectBufferSize: 0
07:24:54.603 [main] DEBUG io.netty.buffer.ByteBufUtil - -Dio.netty.maxThreadLocalCharBufferSize: 16384
07:24:55.329 [Forwarding newSession on session null to remote] DEBUG io.netty.channel.DefaultChannelId - -Dio.netty.processId: 39824 (auto-detected)
07:24:55.331 [Forwarding newSession on session null to remote] DEBUG io.netty.util.NetUtil - -Djava.net.preferIPv4Stack: false
07:24:55.331 [Forwarding newSession on session null to remote] DEBUG io.netty.util.NetUtil - -Djava.net.preferIPv6Addresses: false
07:24:55.385 [Forwarding newSession on session null to remote] DEBUG io.netty.util.NetUtilInitializations - Loopback interface: lo (Software Loopback Interface 1, 127.0.0.1)
07:24:55.386 [Forwarding newSession on session null to remote] DEBUG io.netty.util.NetUtil - Failed to get SOMAXCONN from sysctl and file \proc\sys\net\core\somaxconn. Default: 200
07:24:55.435 [Forwarding newSession on session null to remote] DEBUG io.netty.channel.DefaultChannelId - -Dio.netty.machineId: 84:1b:77:ff:fe:cc:c3:0b (auto-detected)
07:24:55.482 [AsyncHttpClient-1-2] DEBUG io.netty.buffer.AbstractByteBuf - -Dio.netty.buffer.checkAccessible: true
07:24:55.482 [AsyncHttpClient-1-2] DEBUG io.netty.buffer.AbstractByteBuf - -Dio.netty.buffer.checkBounds: true
07:24:55.482 [AsyncHttpClient-1-2] DEBUG io.netty.util.ResourceLeakDetectorFactory - Loaded default ResourceLeakDetector: io.netty.util.ResourceLeakDetector@373c760e
07:24:55.510 [AsyncHttpClient-1-2] DEBUG io.netty.util.Recycler - -Dio.netty.recycler.maxCapacityPerThread: 4096
07:24:55.510 [AsyncHttpClient-1-2] DEBUG io.netty.util.Recycler - -Dio.netty.recycler.ratio: 8
07:24:55.510 [AsyncHttpClient-1-2] DEBUG io.netty.util.Recycler - -Dio.netty.recycler.chunkSize: 32
07:24:55.510 [AsyncHttpClient-1-2] DEBUG io.netty.util.Recycler - -Dio.netty.recycler.blocking: false
07:24:56.107 [AsyncHttpClient-1-2] DEBUG io.netty.handler.codec.compression.Brotli - brotli4j not in the classpath; Brotli support will be unavailable.
07:24:56.184 [main] DEBUG io.netty.util.internal.ThreadLocalRandom - -Dio.netty.initialSeedUniquifier: 0x4e2b0f210cc8c351
07:24:57.155 [main] DEBUG testCase.TC_001_AccountRegistrationTest - application logs.....
07:24:57.155 [main] INFO  testCase.TC_001_AccountRegistrationTest - ***  Starting TC_001_AccountRegistrationTest  ***
07:24:57.228 [main] INFO  testCase.TC_001_AccountRegistrationTest - Clicked on My account link
07:24:57.624 [main] INFO  testCase.TC_001_AccountRegistrationTest - Clicked on register link
07:24:57.625 [main] INFO  testCase.TC_001_AccountRegistrationTest - Providing customer data
07:24:59.157 [main] ERROR testCase.TC_001_AccountRegistrationTest - test failed
07:26:46.518 [main] INFO  testCase.TC_001_AccountRegistrationTest - ***  Starting TC_001_AccountRegistrationTest  ***
07:26:46.600 [main] INFO  testCase.TC_001_AccountRegistrationTest - Clicked on My account link
07:26:46.940 [main] INFO  testCase.TC_001_AccountRegistrationTest - Clicked on register link
07:26:46.941 [main] INFO  testCase.TC_001_AccountRegistrationTest - Providing customer data
07:26:48.290 [main] ERROR testCase.TC_001_AccountRegistrationTest - test failed
07:27:29.444 [main] INFO  testCase.TC_001_AccountRegistrationTest - ***  Starting TC_001_AccountRegistrationTest  ***
07:27:29.517 [main] INFO  testCase.TC_001_AccountRegistrationTest - Clicked on My account link
07:27:29.887 [main] INFO  testCase.TC_001_AccountRegistrationTest - Clicked on register link
07:27:29.889 [main] INFO  testCase.TC_001_AccountRegistrationTest - Providing customer data
07:27:31.212 [main] ERROR testCase.TC_001_AccountRegistrationTest - test failed
07:33:58.638 [main] INFO  testCase.TC_001_AccountRegistrationTest - ***  Starting TC_001_AccountRegistrationTest  ***
07:33:58.713 [main] INFO  testCase.TC_001_AccountRegistrationTest - Clicked on My account link
07:33:59.087 [main] INFO  testCase.TC_001_AccountRegistrationTest - Clicked on register link
07:33:59.088 [main] INFO  testCase.TC_001_AccountRegistrationTest - Providing customer data
07:34:00.473 [main] ERROR testCase.TC_001_AccountRegistrationTest - test failed
07:39:02.758 [main] INFO  testCase.TC_001_AccountRegistrationTest - ***  Starting TC_001_AccountRegistrationTest  ***
07:39:02.835 [main] INFO  testCase.TC_001_AccountRegistrationTest - Clicked on My account link
07:39:03.262 [main] INFO  testCase.TC_001_AccountRegistrationTest - Clicked on register link
07:39:03.265 [main] INFO  testCase.TC_001_AccountRegistrationTest - Providing customer data
07:39:04.620 [main] ERROR testCase.TC_001_AccountRegistrationTest - test failed
07:40:19.431 [main] INFO  testCase.TC_001_AccountRegistrationTest - ***  Starting TC_001_AccountRegistrationTest  ***
07:40:19.501 [main] INFO  testCase.TC_001_AccountRegistrationTest - Clicked on My account link
07:40:20.007 [main] INFO  testCase.TC_001_AccountRegistrationTest - Clicked on register link
07:40:20.009 [main] INFO  testCase.TC_001_AccountRegistrationTest - Providing customer data
07:40:21.342 [main] ERROR testCase.TC_001_AccountRegistrationTest - test failed
07:48:41.538 [main] INFO  testCase.TC_001_AccountRegistrationTest - ***  Starting TC_001_AccountRegistrationTest  ***
07:48:41.608 [main] INFO  testCase.TC_001_AccountRegistrationTest - Clicked on My account link
07:48:42.087 [main] INFO  testCase.TC_001_AccountRegistrationTest - Clicked on register link
07:48:42.088 [main] INFO  testCase.TC_001_AccountRegistrationTest - Providing customer data
07:48:43.418 [main] ERROR testCase.TC_001_AccountRegistrationTest - test failed
07:58:23.459 [main] INFO  testCase.TC_001_AccountRegistrationTest - ***  Starting TC_001_AccountRegistrationTest  ***
07:58:23.530 [main] INFO  testCase.TC_001_AccountRegistrationTest - Clicked on My account link
07:58:24.036 [main] INFO  testCase.TC_001_AccountRegistrationTest - Clicked on register link
07:58:24.039 [main] INFO  testCase.TC_001_AccountRegistrationTest - Providing customer data
07:58:25.527 [main] ERROR testCase.TC_001_AccountRegistrationTest - test failed
08:19:53.493 [main] INFO  testCase.TC_001_AccountRegistrationTest - ***  Starting TC_001_AccountRegistrationTest  ***
08:19:53.574 [main] INFO  testCase.TC_001_AccountRegistrationTest - Clicked on My account link
08:19:53.923 [main] INFO  testCase.TC_001_AccountRegistrationTest - Clicked on register link
08:19:53.924 [main] INFO  testCase.TC_001_AccountRegistrationTest - Providing customer data
08:19:55.315 [main] ERROR testCase.TC_001_AccountRegistrationTest - test failed
08:33:25.476 [TestNG-tests-1] INFO  testCase.TC_001_AccountRegistrationTest - ***  Starting TC_001_AccountRegistrationTest  ***
08:33:25.567 [TestNG-tests-1] INFO  testCase.TC_001_AccountRegistrationTest - Clicked on My account link
08:33:26.059 [TestNG-tests-1] INFO  testCase.TC_001_AccountRegistrationTest - Clicked on register link
08:33:26.060 [TestNG-tests-1] INFO  testCase.TC_001_AccountRegistrationTest - Providing customer data
08:33:27.403 [TestNG-tests-1] ERROR testCase.TC_001_AccountRegistrationTest - test failed
08:35:43.379 [TestNG-tests-1] INFO  testCase.TC_001_AccountRegistrationTest - ***  Starting TC_001_AccountRegistrationTest  ***
08:35:43.458 [TestNG-tests-1] INFO  testCase.TC_001_AccountRegistrationTest - Clicked on My account link
08:35:43.860 [TestNG-tests-1] INFO  testCase.TC_001_AccountRegistrationTest - Clicked on register link
08:35:43.862 [TestNG-tests-1] INFO  testCase.TC_001_AccountRegistrationTest - Providing customer data
08:35:45.241 [TestNG-tests-1] ERROR testCase.TC_001_AccountRegistrationTest - test failed
08:38:07.113 [TestNG-tests-1] INFO  testCase.TC_001_AccountRegistrationTest - ***  Starting TC_001_AccountRegistrationTest  ***
08:38:07.197 [TestNG-tests-1] INFO  testCase.TC_001_AccountRegistrationTest - Clicked on My account link
08:38:07.660 [TestNG-tests-1] INFO  testCase.TC_001_AccountRegistrationTest - Clicked on register link
08:38:07.663 [TestNG-tests-1] INFO  testCase.TC_001_AccountRegistrationTest - Providing customer data
08:38:09.032 [TestNG-tests-1] ERROR testCase.TC_001_AccountRegistrationTest - test failed
09:12:30.038 [TestNG-tests-2] INFO  testCase.TC_001_AccountRegistrationTest - ***  Starting TC_001_AccountRegistrationTest  ***
09:12:30.157 [TestNG-tests-2] INFO  testCase.TC_001_AccountRegistrationTest - Clicked on My account link
09:12:30.553 [TestNG-tests-2] INFO  testCase.TC_001_AccountRegistrationTest - Clicked on register link
09:12:30.555 [TestNG-tests-2] INFO  testCase.TC_001_AccountRegistrationTest - Providing customer data
09:12:32.413 [TestNG-tests-2] ERROR testCase.TC_001_AccountRegistrationTest - test failed
09:12:33.070 [TestNG-tests-1] INFO  testCase.TC_001_AccountRegistrationTest - ***  Starting TC_001_AccountRegistrationTest  ***
09:12:33.144 [TestNG-tests-1] INFO  testCase.TC_001_AccountRegistrationTest - Clicked on My account link
09:12:33.509 [TestNG-tests-1] INFO  testCase.TC_001_AccountRegistrationTest - Clicked on register link
09:12:33.513 [TestNG-tests-1] INFO  testCase.TC_001_AccountRegistrationTest - Providing customer data
09:12:35.008 [TestNG-tests-1] ERROR testCase.TC_001_AccountRegistrationTest - test failed
09:12:37.437 [TestNG-tests-2] INFO  testCase.TC_001_AccountRegistrationTest - ***  Starting TC_001_AccountRegistrationTest  ***
09:12:37.504 [TestNG-tests-2] INFO  testCase.TC_001_AccountRegistrationTest - Clicked on My account link
09:12:37.870 [TestNG-tests-2] INFO  testCase.TC_001_AccountRegistrationTest - Clicked on register link
09:12:37.872 [TestNG-tests-2] INFO  testCase.TC_001_AccountRegistrationTest - Providing customer data
09:12:39.251 [TestNG-tests-2] ERROR testCase.TC_001_AccountRegistrationTest - test failed
09:12:49.099 [TestNG-tests-1] INFO  testCase.TC_001_AccountRegistrationTest - ***  Starting TC_001_AccountRegistrationTest  ***
09:12:49.154 [TestNG-tests-1] INFO  testCase.TC_001_AccountRegistrationTest - Clicked on My account link
09:12:49.489 [TestNG-tests-1] INFO  testCase.TC_001_AccountRegistrationTest - Clicked on register link
09:12:49.490 [TestNG-tests-1] INFO  testCase.TC_001_AccountRegistrationTest - Providing customer data
09:12:50.830 [TestNG-tests-1] ERROR testCase.TC_001_AccountRegistrationTest - test failed
09:15:21.778 [TestNG-tests-2] INFO  testCase.TC_001_AccountRegistrationTest - ***  Starting TC_001_AccountRegistrationTest  ***
09:15:21.911 [TestNG-tests-2] INFO  testCase.TC_001_AccountRegistrationTest - Clicked on My account link
09:15:22.044 [TestNG-tests-1] INFO  testCase.TC_001_AccountRegistrationTest - ***  Starting TC_001_AccountRegistrationTest  ***
09:15:22.122 [TestNG-tests-1] INFO  testCase.TC_001_AccountRegistrationTest - Clicked on My account link
09:15:22.293 [TestNG-tests-2] INFO  testCase.TC_001_AccountRegistrationTest - Clicked on register link
09:15:22.294 [TestNG-tests-2] INFO  testCase.TC_001_AccountRegistrationTest - Providing customer data
09:15:22.556 [TestNG-tests-1] INFO  testCase.TC_001_AccountRegistrationTest - Clicked on register link
09:15:22.557 [TestNG-tests-1] INFO  testCase.TC_001_AccountRegistrationTest - Providing customer data
09:15:24.088 [TestNG-tests-2] ERROR testCase.TC_001_AccountRegistrationTest - test failed
09:15:24.232 [TestNG-tests-1] ERROR testCase.TC_001_AccountRegistrationTest - test failed
09:21:23.383 [TestNG-tests-3] INFO  testCase.TC_001_AccountRegistrationTest - ***  Starting TC_001_AccountRegistrationTest  ***
09:21:23.641 [TestNG-tests-3] INFO  testCase.TC_001_AccountRegistrationTest - Clicked on My account link
09:21:23.959 [TestNG-tests-3] INFO  testCase.TC_001_AccountRegistrationTest - Clicked on register link
09:21:23.961 [TestNG-tests-3] INFO  testCase.TC_001_AccountRegistrationTest - Providing customer data
09:21:24.060 [TestNG-tests-3] ERROR testCase.TC_001_AccountRegistrationTest - test failed
09:34:24.016 [TestNG-tests-1] INFO  testCase.TC_001_AccountRegistrationTest - ***  Starting TC_001_AccountRegistrationTest  ***
09:34:24.040 [TestNG-tests-2] INFO  testCase.TC_001_AccountRegistrationTest - ***  Starting TC_001_AccountRegistrationTest  ***
09:34:24.320 [TestNG-tests-2] INFO  testCase.TC_001_AccountRegistrationTest - Clicked on My account link
09:34:24.327 [TestNG-tests-1] INFO  testCase.TC_001_AccountRegistrationTest - Clicked on My account link
09:34:24.990 [TestNG-tests-2] INFO  testCase.TC_001_AccountRegistrationTest - Clicked on register link
09:34:24.993 [TestNG-tests-2] INFO  testCase.TC_001_AccountRegistrationTest - Providing customer data
09:34:25.131 [TestNG-tests-1] INFO  testCase.TC_001_AccountRegistrationTest - Clicked on register link
09:34:25.132 [TestNG-tests-1] INFO  testCase.TC_001_AccountRegistrationTest - Providing customer data
09:34:26.729 [TestNG-tests-3] INFO  testCase.TC_001_AccountRegistrationTest - ***  Starting TC_001_AccountRegistrationTest  ***
09:34:26.968 [TestNG-tests-1] ERROR testCase.TC_001_AccountRegistrationTest - test failed
09:34:27.065 [TestNG-tests-3] INFO  testCase.TC_001_AccountRegistrationTest - Clicked on My account link
09:34:27.203 [TestNG-tests-2] ERROR testCase.TC_001_AccountRegistrationTest - test failed
09:34:27.446 [TestNG-tests-3] INFO  testCase.TC_001_AccountRegistrationTest - Clicked on register link
09:34:27.446 [TestNG-tests-3] INFO  testCase.TC_001_AccountRegistrationTest - Providing customer data
09:34:27.560 [TestNG-tests-3] ERROR testCase.TC_001_AccountRegistrationTest - test failed
09:35:19.693 [TestNG-tests-2] INFO  testCase.TC_001_AccountRegistrationTest - ***  Starting TC_001_AccountRegistrationTest  ***
09:35:19.905 [TestNG-tests-2] INFO  testCase.TC_001_AccountRegistrationTest - Clicked on My account link
09:35:20.095 [TestNG-tests-1] INFO  testCase.TC_001_AccountRegistrationTest - ***  Starting TC_001_AccountRegistrationTest  ***
09:35:20.219 [TestNG-tests-1] INFO  testCase.TC_001_AccountRegistrationTest - Clicked on My account link
09:35:20.501 [TestNG-tests-2] INFO  testCase.TC_001_AccountRegistrationTest - Clicked on register link
09:35:20.503 [TestNG-tests-2] INFO  testCase.TC_001_AccountRegistrationTest - Providing customer data
09:35:20.922 [TestNG-tests-1] INFO  testCase.TC_001_AccountRegistrationTest - Clicked on register link
09:35:20.925 [TestNG-tests-1] INFO  testCase.TC_001_AccountRegistrationTest - Providing customer data
09:35:22.510 [TestNG-tests-3] INFO  testCase.TC_001_AccountRegistrationTest - ***  Starting TC_001_AccountRegistrationTest  ***
09:35:22.702 [TestNG-tests-2] ERROR testCase.TC_001_AccountRegistrationTest - test failed
09:35:22.763 [TestNG-tests-3] INFO  testCase.TC_001_AccountRegistrationTest - Clicked on My account link
09:35:22.831 [TestNG-tests-1] ERROR testCase.TC_001_AccountRegistrationTest - test failed
09:35:23.115 [TestNG-tests-3] INFO  testCase.TC_001_AccountRegistrationTest - Clicked on register link
09:35:23.116 [TestNG-tests-3] INFO  testCase.TC_001_AccountRegistrationTest - Providing customer data
09:35:23.216 [TestNG-tests-3] ERROR testCase.TC_001_AccountRegistrationTest - test failed
13:06:57.037 [main] INFO  testCase.TC_001_AccountRegistrationTest - ***  Starting TC_001_AccountRegistrationTest  ***
13:06:57.132 [main] INFO  testCase.TC_001_AccountRegistrationTest - Clicked on My account link
13:06:57.705 [main] INFO  testCase.TC_001_AccountRegistrationTest - Clicked on register link
13:06:57.706 [main] INFO  testCase.TC_001_AccountRegistrationTest - Providing customer data
13:06:59.108 [main] ERROR testCase.TC_001_AccountRegistrationTest - test failed
13:11:58.146 [main] INFO  testCase.TC_001_AccountRegistrationTest - ***  Starting TC_001_AccountRegistrationTest  ***
13:11:58.229 [main] INFO  testCase.TC_001_AccountRegistrationTest - Clicked on My account link
13:11:58.641 [main] INFO  testCase.TC_001_AccountRegistrationTest - Clicked on register link
13:11:58.642 [main] INFO  testCase.TC_001_AccountRegistrationTest - Providing customer data
13:12:00.003 [main] ERROR testCase.TC_001_AccountRegistrationTest - test failed
11:25:02.653 [main] INFO  testCase.TC_002_LoginTest - *****Starting TC_002_LoginTest*****
11:25:02.738 [main] INFO  testCase.TC_002_LoginTest - Clicked on My Account
11:25:03.064 [main] INFO  testCase.TC_002_LoginTest - Clicked on Login Link
11:25:03.065 [main] INFO  testCase.TC_002_LoginTest - Providing login details
11:25:03.247 [main] INFO  testCase.TC_002_LoginTest - Clicked on Login button
14:20:13.279 [main] INFO  testCase.TC_003_LoginDDT - ***** Starting TC_003_LoginDDT*****
14:20:13.352 [main] INFO  testCase.TC_003_LoginDDT - Clicked on My Account
14:20:13.652 [main] INFO  testCase.TC_003_LoginDDT - Clicked on Login Link
14:20:13.653 [main] INFO  testCase.TC_003_LoginDDT - Providing login details
14:20:13.855 [main] INFO  testCase.TC_003_LoginDDT - Clicked on Login button
14:20:23.932 [main] INFO  testCase.TC_003_LoginDDT - ***** Finished TC_003_LoginDDT*****
14:20:23.952 [main] INFO  testCase.TC_003_LoginDDT - ***** Starting TC_003_LoginDDT*****
14:20:24.001 [main] INFO  testCase.TC_003_LoginDDT - Clicked on My Account
14:20:24.317 [main] INFO  testCase.TC_003_LoginDDT - Clicked on Login Link
14:20:24.318 [main] INFO  testCase.TC_003_LoginDDT - Providing login details
14:20:24.480 [main] INFO  testCase.TC_003_LoginDDT - Clicked on Login button
14:20:34.556 [main] INFO  testCase.TC_003_LoginDDT - ***** Finished TC_003_LoginDDT*****
14:20:34.559 [main] INFO  testCase.TC_003_LoginDDT - ***** Starting TC_003_LoginDDT*****
14:20:34.606 [main] INFO  testCase.TC_003_LoginDDT - Clicked on My Account
14:20:34.872 [main] INFO  testCase.TC_003_LoginDDT - Clicked on Login Link
14:20:34.872 [main] INFO  testCase.TC_003_LoginDDT - Providing login details
14:20:35.031 [main] INFO  testCase.TC_003_LoginDDT - Clicked on Login button
14:20:45.092 [main] INFO  testCase.TC_003_LoginDDT - ***** Finished TC_003_LoginDDT*****
14:20:45.097 [main] INFO  testCase.TC_003_LoginDDT - ***** Starting TC_003_LoginDDT*****
14:20:45.150 [main] INFO  testCase.TC_003_LoginDDT - Clicked on My Account
14:20:45.420 [main] INFO  testCase.TC_003_LoginDDT - Clicked on Login Link
14:20:45.421 [main] INFO  testCase.TC_003_LoginDDT - Providing login details
14:20:45.583 [main] INFO  testCase.TC_003_LoginDDT - Clicked on Login button
14:20:55.640 [main] INFO  testCase.TC_003_LoginDDT - ***** Finished TC_003_LoginDDT*****
14:20:55.644 [main] INFO  testCase.TC_003_LoginDDT - ***** Starting TC_003_LoginDDT*****
14:20:55.705 [main] INFO  testCase.TC_003_LoginDDT - Clicked on My Account
14:20:55.962 [main] INFO  testCase.TC_003_LoginDDT - Clicked on Login Link
14:20:55.963 [main] INFO  testCase.TC_003_LoginDDT - Providing login details
14:20:56.124 [main] INFO  testCase.TC_003_LoginDDT - Clicked on Login button
14:58:48.795 [main] INFO  testCase.TC_002_LoginTest - *****Starting TC_002_LoginTest*****
14:58:48.893 [main] INFO  testCase.TC_002_LoginTest - Clicked on My Account
14:58:49.203 [main] INFO  testCase.TC_002_LoginTest - Clicked on Login Link
14:58:49.204 [main] INFO  testCase.TC_002_LoginTest - Providing login details
14:58:49.489 [main] INFO  testCase.TC_002_LoginTest - Clicked on Login button
15:00:20.214 [main] INFO  testCase.TC_001_AccountRegistrationTest - ***  Starting TC_001_AccountRegistrationTest  ***
15:00:20.317 [main] INFO  testCase.TC_001_AccountRegistrationTest - Clicked on My account link
15:00:20.881 [main] INFO  testCase.TC_001_AccountRegistrationTest - Clicked on register link
15:00:20.882 [main] INFO  testCase.TC_001_AccountRegistrationTest - Providing customer data
15:00:22.227 [main] ERROR testCase.TC_001_AccountRegistrationTest - test failed
15:00:24.739 [main] INFO  testCase.TC_002_LoginTest - *****Starting TC_002_LoginTest*****
15:00:24.816 [main] INFO  testCase.TC_002_LoginTest - Clicked on My Account
15:00:25.133 [main] INFO  testCase.TC_002_LoginTest - Clicked on Login Link
15:00:25.134 [main] INFO  testCase.TC_002_LoginTest - Providing login details
15:00:25.471 [main] INFO  testCase.TC_002_LoginTest - Clicked on Login button
